Build started 10/3/2014 5:37:08 PM.
     1>Project "C:\Users\Pulkit\Documents\GitHub\Course_Management_System\Course_management\Course_management.vcxproj" on node 2 (build target(s)).
     1>InitializeBuildStatus:
         Creating "Debug\Course_management.unsuccessfulbuild" because "AlwaysCreate" was specified.
       GenerateTargetFrameworkMonikerAttribute:
       Skipping target "GenerateTargetFrameworkMonikerAttribute" because all output files are up-to-date with respect to the input files.
       ClCompile:
         All outputs are up-to-date.
         All outputs are up-to-date.
         All outputs are up-to-date.
       CoreResGen:
         No resources are out of date with respect to their source files. Skipping resource generation.
       ResourceCompile:
         All outputs are up-to-date.
       Link:
         All outputs are up-to-date.
         Course_management.vcxproj -> C:\Users\Pulkit\Documents\GitHub\Course_Management_System\Debug\Course_management.exe
       FinalizeBuildStatus:
         Deleting file "Debug\Course_management.unsuccessfulbuild".
         Touching "Debug\Course_management.lastbuildstate".
     1>Done Building Project "C:\Users\Pulkit\Documents\GitHub\Course_Management_System\Course_management\Course_management.vcxproj" (build target(s)).

Build succeeded.

Time Elapsed 00:00:00.32
